<?xml version="1.0" encoding="UTF-8"?>
<testng-results skipped="0" failed="0" ignored="1" total="2" passed="1">
  <reporter-output>
  </reporter-output>
  <suite name="Default suite" duration-ms="6597" started-at="2018-02-02T13:12:31Z" finished-at="2018-02-02T13:12:37Z">
    <groups>
    </groups>
    <test name="Default test" duration-ms="6597" started-at="2018-02-02T13:12:31Z" finished-at="2018-02-02T13:12:37Z">
      <class name="newpackage.Automate">
        <test-method status="PASS" signature="start()[pri:0, instance:newpackage.Automate@5bb21b69]" name="start" is-config="true" duration-ms="4540" started-at="2018-02-02T18:42:31Z" finished-at="2018-02-02T18:42:35Z">
          <reporter-output>
          </reporter-output>
        </test-method> <!-- start -->
        <test-method status="PASS" signature="add()[pri:0, instance:newpackage.Automate@5bb21b69]" name="add" duration-ms="2036" started-at="2018-02-02T18:42:35Z" finished-at="2018-02-02T18:42:37Z">
          <reporter-output>
          </reporter-output>
        </test-method> <!-- add -->
      </class> <!-- newpackage.Automate -->
    </test> <!-- Default test -->
  </suite> <!-- Default suite -->
</testng-results>
