<?xml version="1.0" encoding="UTF-8"?>
<testng-results skipped="0" failed="0" ignored="0" total="1" passed="1">
  <reporter-output>
  </reporter-output>
  <suite name="Default suite" duration-ms="11388" started-at="2017-12-07T09:46:30Z" finished-at="2017-12-07T09:46:41Z">
    <groups>
    </groups>
    <test name="Default test" duration-ms="11388" started-at="2017-12-07T09:46:30Z" finished-at="2017-12-07T09:46:41Z">
      <class name="newpackage.gmail">
        <test-method status="PASS" signature="main()[pri:0, instance:newpackage.gmail@4501b7af]" name="main" duration-ms="11370" started-at="2017-12-07T15:16:30Z" finished-at="2017-12-07T15:16:41Z">
          <reporter-output>
          </reporter-output>
        </test-method> <!-- main -->
      </class> <!-- newpackage.gmail -->
    </test> <!-- Default test -->
  </suite> <!-- Default suite -->
</testng-results>
