<?xml version="1.0" encoding="UTF-8"?>
<testng-results skipped="0" failed="0" ignored="0" total="1" passed="1">
  <reporter-output>
  </reporter-output>
  <suite name="Default suite" duration-ms="30849" started-at="2017-12-15T09:33:51Z" finished-at="2017-12-15T09:34:21Z">
    <groups>
    </groups>
    <test name="Default test" duration-ms="30849" started-at="2017-12-15T09:33:51Z" finished-at="2017-12-15T09:34:21Z">
      <class name="Register">
        <test-method status="PASS" signature="main()[pri:0, instance:Register@3d921e20]" name="main" duration-ms="30825" started-at="2017-12-15T15:03:51Z" finished-at="2017-12-15T15:04:21Z">
          <reporter-output>
          </reporter-output>
        </test-method> <!-- main -->
      </class> <!-- Register -->
    </test> <!-- Default test -->
  </suite> <!-- Default suite -->
</testng-results>
