<?xml version="1.0" encoding="UTF-8"?>
<!-- Generated by org.testng.reporters.JUnitXMLReporter -->
<testsuite hostname="Admin-PC" ignored="1" name="Default test" tests="1" failures="0" timestamp="02 Feb 2018 13:12:37 GMT" time="6.597" errors="0">
  <testcase name="add" time="2.036" classname="newpackage.Automate"/>
  <testcase name="addLocationTestCase" time="0.0" classname="newpackage.Automate">
    <ignored/>
  </testcase> <!-- addLocationTestCase -->
</testsuite> <!-- Default test -->
