<?xml version="1.0" encoding="UTF-8"?>
<testng-results skipped="0" failed="0" ignored="0" total="1" passed="1">
  <reporter-output>
  </reporter-output>
  <suite name="Default suite" duration-ms="17539" started-at="2017-12-12T10:33:05Z" finished-at="2017-12-12T10:33:23Z">
    <groups>
    </groups>
    <test name="Default test" duration-ms="17539" started-at="2017-12-12T10:33:05Z" finished-at="2017-12-12T10:33:23Z">
      <class name="mypackage.automation">
        <test-method status="PASS" signature="main()[pri:0, instance:mypackage.automation@fad74ee]" name="main" duration-ms="17509" started-at="2017-12-12T16:03:05Z" finished-at="2017-12-12T16:03:23Z">
          <reporter-output>
          </reporter-output>
        </test-method> <!-- main -->
      </class> <!-- mypackage.automation -->
    </test> <!-- Default test -->
  </suite> <!-- Default suite -->
</testng-results>
