<?xml version="1.0" encoding="UTF-8"?>
<!-- Generated by org.testng.reporters.JUnitXMLReporter -->
<testsuite hostname="Admin-PC" ignored="2" tests="1" failures="0" timestamp="05 Feb 2018 13:09:19 GMT" time="34.727" errors="0">
  <testcase name="main" time="20.318" classname="SignUp"/>
  <testcase name="register" time="0.0" classname="SignUp">
    <ignored/>
  </testcase> <!-- register -->
  <testcase name="login" time="0.0" classname="SignUp">
    <ignored/>
  </testcase> <!-- login -->
</testsuite>
