<?xml version="1.0" encoding="UTF-8"?>
<!-- Generated by org.testng.reporters.JUnitXMLReporter -->
<testsuite hostname="Admin-PC" ignored="2" tests="1" failures="0" timestamp="07 Feb 2018 14:01:17 GMT" time="24.219" errors="0">
  <testcase name="main" time="19.826" classname="SignUp"/>
  <testcase name="register" time="0.0" classname="SignUp">
    <ignored/>
  </testcase> <!-- register -->
  <testcase name="login" time="0.0" classname="SignUp">
    <ignored/>
  </testcase> <!-- login -->
</testsuite>
